Arguments: 
  /usr/bin/node /home/giangntclocal/.yarn/bin/yarn.js init

PATH: 
  /home/giangntclocal/.yarn/bin:/home/giangntclocal/.config/yarn/global/node_modules/.bin:/home/giangntclocal/.cargo/bin:/home/giangntclocal/.local/bin:/home/giangntclocal/.npm-global/bin:/usr/bin/robomongo/bin:/home/giangntclocal/bin:/home/giangntclocal/.local/bin:/home/giangntclocal/.yarn/bin:/home/giangntclocal/.config/yarn/global/node_modules/.bin:/home/giangntclocal/.cargo/bin:/home/giangntclocal/.local/bin:/home/giangntclocal/.npm-global/bin:/usr/bin/robomongo/bin:/home/giangntclocal/bin:/home/giangntclocal/.local/bin:/home/giangntclocal/.cargo/bin:/home/giangntclocal/.cargo/bin:/home/giangntclocal/.local/bin:/home/giangntclocal/.npm-global/bin:/usr/bin/robomongo/bin:/home/giangntclocal/bin:/home/giangntclocal/.local/bin:/usr/local/sbin:/usr/local/bin:/usr/sbin:/usr/bin:/sbin:/bin:/usr/games:/usr/local/games:/snap/bin:/usr/local/go/bin:/home/giangntclocal/go/bin:/usr/local/go/bin:/home/giangntclocal/go/bin:/usr/local/go/bin:/home/giangntclocal/go/bin

Yarn version: 
  1.16.0

Node version: 
  8.16.0

Platform: 
  linux x64

Trace: 
  Error: canceled
      at Interface.<anonymous> (/home/giangntclocal/.yarn/lib/cli.js:125850:13)
      at emitNone (events.js:106:13)
      at Interface.emit (events.js:208:7)
      at Interface._ttyWrite (readline.js:774:16)
      at ReadStream.onkeypress (readline.js:158:10)
      at emitTwo (events.js:126:13)
      at ReadStream.emit (events.js:214:7)
      at emitKeys (internal/readline.js:420:14)
      at emitKeys.next (<anonymous>)
      at ReadStream.onData (readline.js:1010:36)

npm manifest: 
  No manifest

yarn manifest: 
  No manifest

Lockfile: 
  No lockfile
